# JRE version: OpenJDK Runtime Environment (22.0.2+9) (build 22.0.2+9-70)
# Java VM: OpenJDK 64-Bit Server VM (22.0.2+9-70, mixed mode, emulated-client, sharing, tiered, compressed oops, compressed class ptrs, g1 gc, windows-amd64)
GC Precious Log:
 CardTable entry size: 512
 Card Set container configuration: InlinePtr #cards 4 size 8 Array Of Cards #cards 32 size 80 Howl #buckets 8 coarsen threshold 7372 Howl Bitmap #cards 1024 size 144 coarsen threshold 921 Card regions per heap region 1 cards per card region 8192
 CPUs: 16 total, 16 available
 Memory: 24468M
 Large Page Support: Disabled
 NUMA Support: Disabled
 Compressed Oops: Enabled (Zero based)
 Heap Region Size: 4M
 Heap Min Capacity: 8M
 Heap Initial Capacity: 384M
 Heap Max Capacity: 6120M
 Pre-touch: Disabled
 Parallel Workers: 13
 Concurrent Workers: 3
 Concurrent Refinement Workers: 13
 Periodic GC: Disabled
Heap:
 garbage-first heap   total reserved 6266880K, committed 180224K, used 78097K [0x0000000681800000, 0x0000000800000000)
  region size 4096K, 6 young (24576K), 3 survivors (12288K)
 Metaspace       used 104279K, committed 105216K, reserved 1179648K
  class space    used 15316K, committed 15744K, reserved 1048576K
GC Heap History (20 events):
Event: 891.808 GC heap before
{Heap before GC invocations=40 (full 1):
 garbage-first heap   total reserved 6266880K, committed 147456K, used 114651K [0x0000000681800000, 0x0000000800000000)
  region size 4096K, 16 young (65536K), 3 survivors (12288K)
 Metaspace       used 101811K, committed 102784K, reserved 1179648K
  class space    used 15026K, committed 15488K, reserved 1048576K
}
Event: 891.811 GC heap after
{Heap after GC invocations=41 (full 1):
 garbage-first heap   total reserved 6266880K, committed 147456K, used 64673K [0x0000000681800000, 0x0000000800000000)
  region size 4096K, 1 young (4096K), 1 survivors (4096K)
 Metaspace       used 101811K, committed 102784K, reserved 1179648K
  class space    used 15026K, committed 15488K, reserved 1048576K
}
Event: 892.119 GC heap before
{Heap before GC invocations=41 (full 1):
 garbage-first heap   total reserved 6266880K, committed 147456K, used 126113K [0x0000000681800000, 0x0000000800000000)
  region size 4096K, 16 young (65536K), 1 survivors (4096K)
 Metaspace       used 101873K, committed 102848K, reserved 1179648K
  class space    used 15043K, committed 15488K, reserved 1048576K
}
Event: 892.122 GC heap after
{Heap after GC invocations=42 (full 1):
 garbage-first heap   total reserved 6266880K, committed 372736K, used 68224K [0x0000000681800000, 0x0000000800000000)
  region size 4096K, 2 young (8192K), 2 survivors (8192K)
 Metaspace       used 101873K, committed 102848K, reserved 1179648K
  class space    used 15043K, committed 15488K, reserved 1048576K
}
Event: 1294.070 GC heap before
{Heap before GC invocations=43 (full 1):
 garbage-first heap   total reserved 6266880K, committed 245760K, used 207488K [0x0000000681800000, 0x0000000800000000)
  region size 4096K, 36 young (147456K), 2 survivors (8192K)
 Metaspace       used 102254K, committed 103232K, reserved 1179648K
  class space    used 15094K, committed 15552K, reserved 1048576K
}
Event: 1294.074 GC heap after
{Heap after GC invocations=44 (full 1):
 garbage-first heap   total reserved 6266880K, committed 245760K, used 69771K [0x0000000681800000, 0x0000000800000000)
  region size 4096K, 3 young (12288K), 3 survivors (12288K)
 Metaspace       used 102254K, committed 103232K, reserved 1179648K
  class space    used 15094K, committed 15552K, reserved 1048576K
}
Event: 1832.989 GC heap before
{Heap before GC invocations=44 (full 1):
 garbage-first heap   total reserved 6266880K, committed 245760K, used 204939K [0x0000000681800000, 0x0000000800000000)
  region size 4096K, 36 young (147456K), 3 survivors (12288K)
 Metaspace       used 102254K, committed 103232K, reserved 1179648K
  class space    used 15094K, committed 15552K, reserved 1048576K
}
Event: 1832.992 GC heap after
{Heap after GC invocations=45 (full 1):
 garbage-first heap   total reserved 6266880K, committed 245760K, used 67667K [0x0000000681800000, 0x0000000800000000)
  region size 4096K, 2 young (8192K), 2 survivors (8192K)
 Metaspace       used 102254K, committed 103232K, reserved 1179648K
  class space    used 15094K, committed 15552K, reserved 1048576K
}
Event: 2349.428 GC heap before
{Heap before GC invocations=45 (full 1):
 garbage-first heap   total reserved 6266880K, committed 245760K, used 202835K [0x0000000681800000, 0x0000000800000000)
  region size 4096K, 36 young (147456K), 2 survivors (8192K)
 Metaspace       used 102281K, committed 103296K, reserved 1179648K
  class space    used 15098K, committed 15552K, reserved 1048576K
}
Event: 2349.431 GC heap after
{Heap after GC invocations=46 (full 1):
 garbage-first heap   total reserved 6266880K, committed 245760K, used 67894K [0x0000000681800000, 0x0000000800000000)
  region size 4096K, 2 young (8192K), 2 survivors (8192K)
 Metaspace       used 102281K, committed 103296K, reserved 1179648K
  class space    used 15098K, committed 15552K, reserved 1048576K
}
Event: 2487.253 GC heap before
{Heap before GC invocations=47 (full 1):
 garbage-first heap   total reserved 6266880K, committed 245760K, used 100662K [0x0000000681800000, 0x0000000800000000)
  region size 4096K, 11 young (45056K), 2 survivors (8192K)
 Metaspace       used 101990K, committed 103296K, reserved 1179648K
  class space    used 15021K, committed 15552K, reserved 1048576K
}
Event: 2487.298 GC heap after
{Heap after GC invocations=48 (full 2):
 garbage-first heap   total reserved 6266880K, committed 180224K, used 44410K [0x0000000681800000, 0x0000000800000000)
  region size 4096K, 0 young (0K), 0 survivors (0K)
 Metaspace       used 101894K, committed 103296K, reserved 1179648K
  class space    used 14995K, committed 15552K, reserved 1048576K
}
Event: 2488.145 GC heap before
{Heap before GC invocations=48 (full 2):
 garbage-first heap   total reserved 6266880K, committed 180224K, used 146810K [0x0000000681800000, 0x0000000800000000)
  region size 4096K, 26 young (106496K), 0 survivors (0K)
 Metaspace       used 102508K, committed 103424K, reserved 1179648K
  class space    used 15089K, committed 15552K, reserved 1048576K
}
Event: 2488.150 GC heap after
{Heap after GC invocations=49 (full 2):
 garbage-first heap   total reserved 6266880K, committed 180224K, used 53057K [0x0000000681800000, 0x0000000800000000)
  region size 4096K, 3 young (12288K), 3 survivors (12288K)
 Metaspace       used 102508K, committed 103424K, reserved 1179648K
  class space    used 15089K, committed 15552K, reserved 1048576K
}
Event: 2488.952 GC heap before
{Heap before GC invocations=50 (full 2):
 garbage-first heap   total reserved 6266880K, committed 180224K, used 143169K [0x0000000681800000, 0x0000000800000000)
  region size 4096K, 25 young (102400K), 3 survivors (12288K)
 Metaspace       used 103093K, committed 103936K, reserved 1179648K
  class space    used 15167K, committed 15552K, reserved 1048576K
}
Event: 2488.957 GC heap after
{Heap after GC invocations=51 (full 2):
 garbage-first heap   total reserved 6266880K, committed 180224K, used 59684K [0x0000000681800000, 0x0000000800000000)
  region size 4096K, 2 young (8192K), 2 survivors (8192K)
 Metaspace       used 103093K, committed 103936K, reserved 1179648K
  class space    used 15167K, committed 15552K, reserved 1048576K
}
Event: 2490.955 GC heap before
{Heap before GC invocations=51 (full 2):
 garbage-first heap   total reserved 6266880K, committed 180224K, used 145700K [0x0000000681800000, 0x0000000800000000)
  region size 4096K, 24 young (98304K), 2 survivors (8192K)
 Metaspace       used 103848K, committed 104768K, reserved 1179648K
  class space    used 15267K, committed 15680K, reserved 1048576K
}
Event: 2490.959 GC heap after
{Heap after GC invocations=52 (full 2):
 garbage-first heap   total reserved 6266880K, committed 180224K, used 65681K [0x0000000681800000, 0x0000000800000000)
  region size 4096K, 2 young (8192K), 2 survivors (8192K)
 Metaspace       used 103848K, committed 104768K, reserved 1179648K
  class space    used 15267K, committed 15680K, reserved 1048576K
}
Event: 2491.537 GC heap before
{Heap before GC invocations=52 (full 2):
 garbage-first heap   total reserved 6266880K, committed 180224K, used 151697K [0x0000000681800000, 0x0000000800000000)
  region size 4096K, 23 young (94208K), 2 survivors (8192K)
 Metaspace       used 104184K, committed 105152K, reserved 1179648K
  class space    used 15308K, committed 15744K, reserved 1048576K
}
Event: 2491.540 GC heap after
{Heap after GC invocations=53 (full 2):
 garbage-first heap   total reserved 6266880K, committed 180224K, used 69905K [0x0000000681800000, 0x0000000800000000)
  region size 4096K, 3 young (12288K), 3 survivors (12288K)
 Metaspace       used 104184K, committed 105152K, reserved 1179648K
  class space    used 15308K, committed 15744K, reserved 1048576K
}

