# JRE version: OpenJDK Runtime Environment (22.0.2+9) (build 22.0.2+9-70)
# Java VM: OpenJDK 64-Bit Server VM (22.0.2+9-70, mixed mode, emulated-client, sharing, tiered, compressed oops, compressed class ptrs, g1 gc, windows-amd64)
GC Precious Log:
 CardTable entry size: 512
 Card Set container configuration: InlinePtr #cards 4 size 8 Array Of Cards #cards 32 size 80 Howl #buckets 8 coarsen threshold 7372 Howl Bitmap #cards 1024 size 144 coarsen threshold 921 Card regions per heap region 1 cards per card region 8192
 CPUs: 16 total, 16 available
 Memory: 24468M
 Large Page Support: Disabled
 NUMA Support: Disabled
 Compressed Oops: Enabled (Zero based)
 Heap Region Size: 4M
 Heap Min Capacity: 8M
 Heap Initial Capacity: 384M
 Heap Max Capacity: 6120M
 Pre-touch: Disabled
 Parallel Workers: 13
 Concurrent Workers: 3
 Concurrent Refinement Workers: 13
 Periodic GC: Disabled
Heap:
 garbage-first heap   total reserved 6266880K, committed 118784K, used 44166K [0x0000000681800000, 0x0000000800000000)
  region size 4096K, 3 young (12288K), 2 survivors (8192K)
 Metaspace       used 82699K, committed 83584K, reserved 1179648K
  class space    used 12137K, committed 12544K, reserved 1048576K
GC Heap History (20 events):
Event: 579.339 GC heap before
{Heap before GC invocations=26 (full 1):
 garbage-first heap   total reserved 6266880K, committed 98304K, used 79475K [0x0000000681800000, 0x0000000800000000)
  region size 4096K, 11 young (45056K), 1 survivors (4096K)
 Metaspace       used 80255K, committed 81152K, reserved 1179648K
  class space    used 11892K, committed 12288K, reserved 1048576K
}
Event: 579.341 GC heap after
{Heap after GC invocations=27 (full 1):
 garbage-first heap   total reserved 6266880K, committed 98304K, used 43585K [0x0000000681800000, 0x0000000800000000)
  region size 4096K, 2 young (8192K), 2 survivors (8192K)
 Metaspace       used 80255K, committed 81152K, reserved 1179648K
  class space    used 11892K, committed 12288K, reserved 1048576K
}
Event: 664.028 GC heap before
{Heap before GC invocations=27 (full 1):
 garbage-first heap   total reserved 6266880K, committed 98304K, used 72257K [0x0000000681800000, 0x0000000800000000)
  region size 4096K, 10 young (40960K), 2 survivors (8192K)
 Metaspace       used 80290K, committed 81152K, reserved 1179648K
  class space    used 11902K, committed 12288K, reserved 1048576K
}
Event: 664.084 GC heap after
{Heap after GC invocations=28 (full 2):
 garbage-first heap   total reserved 6266880K, committed 98304K, used 32257K [0x0000000681800000, 0x0000000800000000)
  region size 4096K, 0 young (0K), 0 survivors (0K)
 Metaspace       used 80184K, committed 81152K, reserved 1179648K
  class space    used 11878K, committed 12288K, reserved 1048576K
}
Event: 664.361 GC heap before
{Heap before GC invocations=28 (full 2):
 garbage-first heap   total reserved 6266880K, committed 98304K, used 77313K [0x0000000681800000, 0x0000000800000000)
  region size 4096K, 12 young (49152K), 0 survivors (0K)
 Metaspace       used 80642K, committed 81472K, reserved 1179648K
  class space    used 11937K, committed 12288K, reserved 1048576K
}
Event: 664.363 GC heap after
{Heap after GC invocations=29 (full 2):
 garbage-first heap   total reserved 6266880K, committed 98304K, used 36924K [0x0000000681800000, 0x0000000800000000)
  region size 4096K, 2 young (8192K), 2 survivors (8192K)
 Metaspace       used 80642K, committed 81472K, reserved 1179648K
  class space    used 11937K, committed 12288K, reserved 1048576K
}
Event: 664.536 GC heap before
{Heap before GC invocations=30 (full 2):
 garbage-first heap   total reserved 6266880K, committed 98304K, used 73788K [0x0000000681800000, 0x0000000800000000)
  region size 4096K, 11 young (45056K), 2 survivors (8192K)
 Metaspace       used 80641K, committed 81472K, reserved 1179648K
  class space    used 11923K, committed 12288K, reserved 1048576K
}
Event: 664.539 GC heap after
{Heap after GC invocations=31 (full 2):
 garbage-first heap   total reserved 6266880K, committed 98304K, used 38295K [0x0000000681800000, 0x0000000800000000)
  region size 4096K, 2 young (8192K), 2 survivors (8192K)
 Metaspace       used 80641K, committed 81472K, reserved 1179648K
  class space    used 11923K, committed 12288K, reserved 1048576K
}
Event: 664.883 GC heap before
{Heap before GC invocations=31 (full 2):
 garbage-first heap   total reserved 6266880K, committed 98304K, used 75159K [0x0000000681800000, 0x0000000800000000)
  region size 4096K, 11 young (45056K), 2 survivors (8192K)
 Metaspace       used 81251K, committed 82048K, reserved 1179648K
  class space    used 11978K, committed 12352K, reserved 1048576K
}
Event: 664.886 GC heap after
{Heap after GC invocations=32 (full 2):
 garbage-first heap   total reserved 6266880K, committed 98304K, used 41865K [0x0000000681800000, 0x0000000800000000)
  region size 4096K, 2 young (8192K), 2 survivors (8192K)
 Metaspace       used 81251K, committed 82048K, reserved 1179648K
  class space    used 11978K, committed 12352K, reserved 1048576K
}
Event: 666.447 GC heap before
{Heap before GC invocations=32 (full 2):
 garbage-first heap   total reserved 6266880K, committed 98304K, used 66441K [0x0000000681800000, 0x0000000800000000)
  region size 4096K, 9 young (36864K), 2 survivors (8192K)
 Metaspace       used 81421K, committed 82240K, reserved 1179648K
  class space    used 12002K, committed 12352K, reserved 1048576K
}
Event: 666.490 GC heap after
{Heap after GC invocations=33 (full 3):
 garbage-first heap   total reserved 6266880K, committed 98304K, used 32608K [0x0000000681800000, 0x0000000800000000)
  region size 4096K, 0 young (0K), 0 survivors (0K)
 Metaspace       used 81376K, committed 82240K, reserved 1179648K
  class space    used 11994K, committed 12352K, reserved 1048576K
}
Event: 666.732 GC heap before
{Heap before GC invocations=33 (full 3):
 garbage-first heap   total reserved 6266880K, committed 98304K, used 77664K [0x0000000681800000, 0x0000000800000000)
  region size 4096K, 12 young (49152K), 0 survivors (0K)
 Metaspace       used 81827K, committed 82624K, reserved 1179648K
  class space    used 12048K, committed 12416K, reserved 1048576K
}
Event: 666.734 GC heap after
{Heap after GC invocations=34 (full 3):
 garbage-first heap   total reserved 6266880K, committed 98304K, used 37048K [0x0000000681800000, 0x0000000800000000)
  region size 4096K, 2 young (8192K), 2 survivors (8192K)
 Metaspace       used 81827K, committed 82624K, reserved 1179648K
  class space    used 12048K, committed 12416K, reserved 1048576K
}
Event: 666.878 GC heap before
{Heap before GC invocations=35 (full 3):
 garbage-first heap   total reserved 6266880K, committed 98304K, used 73912K [0x0000000681800000, 0x0000000800000000)
  region size 4096K, 11 young (45056K), 2 survivors (8192K)
 Metaspace       used 81955K, committed 82752K, reserved 1179648K
  class space    used 12068K, committed 12416K, reserved 1048576K
}
Event: 666.881 GC heap after
{Heap after GC invocations=36 (full 3):
 garbage-first heap   total reserved 6266880K, committed 98304K, used 38867K [0x0000000681800000, 0x0000000800000000)
  region size 4096K, 1 young (4096K), 1 survivors (4096K)
 Metaspace       used 81955K, committed 82752K, reserved 1179648K
  class space    used 12068K, committed 12416K, reserved 1048576K
}
Event: 667.194 GC heap before
{Heap before GC invocations=36 (full 3):
 garbage-first heap   total reserved 6266880K, committed 98304K, used 71635K [0x0000000681800000, 0x0000000800000000)
  region size 4096K, 10 young (40960K), 1 survivors (4096K)
 Metaspace       used 82549K, committed 83392K, reserved 1179648K
  class space    used 12119K, committed 12480K, reserved 1048576K
}
Event: 667.196 GC heap after
{Heap after GC invocations=37 (full 3):
 garbage-first heap   total reserved 6266880K, committed 118784K, used 42455K [0x0000000681800000, 0x0000000800000000)
  region size 4096K, 2 young (8192K), 2 survivors (8192K)
 Metaspace       used 82549K, committed 83392K, reserved 1179648K
  class space    used 12119K, committed 12480K, reserved 1048576K
}
Event: 820.023 GC heap before
{Heap before GC invocations=37 (full 3):
 garbage-first heap   total reserved 6266880K, committed 118784K, used 95703K [0x0000000681800000, 0x0000000800000000)
  region size 4096K, 15 young (61440K), 2 survivors (8192K)
 Metaspace       used 82699K, committed 83584K, reserved 1179648K
  class space    used 12137K, committed 12544K, reserved 1048576K
}
Event: 820.026 GC heap after
{Heap after GC invocations=38 (full 3):
 garbage-first heap   total reserved 6266880K, committed 118784K, used 44166K [0x0000000681800000, 0x0000000800000000)
  region size 4096K, 2 young (8192K), 2 survivors (8192K)
 Metaspace       used 82699K, committed 83584K, reserved 1179648K
  class space    used 12137K, committed 12544K, reserved 1048576K
}

